<?xml version="1.0" encoding="UTF-8"?>
<testsuite xmlns:xsi="http://www.w3.org/2001/XMLSchema-instance" xsi:noNamespaceSchemaLocation="https://maven.apache.org/surefire/maven-surefire-plugin/xsd/surefire-test-report-3.0.xsd" version="3.0" name="com.fooddelivery.test.UserServiceTest" time="0.116" tests="9" errors="0" skipped="0" failures="0">
  <properties>
[...]
</properties>
  <testcase name="shouldRegisterCustomerAndAllowLogin" classname="com.fooddelivery.test.UserServiceTest" time="0.013"/>
  <testcase name="shouldAddAndRemoveDeliveryPerson" classname="com.fooddelivery.test.UserServiceTest" time="0.009"/>
  <testcase name="shouldConvertLegacyAdminIdsToNumericIds" classname="com.fooddelivery.test.UserServiceTest" time="0.017"/>
  <testcase name="shouldUpdateCustomerProfile" classname="com.fooddelivery.test.UserServiceTest" time="0.013"/>
  <testcase name="shouldAllowRegularAdminToCreateAdminButOnlySuperAdminToRemoveAdmin" classname="com.fooddelivery.test.UserServiceTest" time="0.017"/>
  <testcase name="shouldLoadLegacyUserRecordsWithMissingAddressFields" classname="com.fooddelivery.test.UserServiceTest" time="0.021"/>
  <testcase name="shouldNotAllowDuplicateEmailForCustomerRegistration" classname="com.fooddelivery.test.UserServiceTest" time="0.007"/>
  <testcase name="shouldFindAvailableDeliveryPerson" classname="com.fooddelivery.test.UserServiceTest" time="0.007"/>
  <testcase name="shouldCreateAdminAndGetAllAdmins" classname="com.fooddelivery.test.UserServiceTest" time="0.006"/>
</testsuite>